============================================================
  Generated by:           Genus(TM) Synthesis Solution GENUS15.20 - 15.20-p004_1
  Generated on:           May 25 2025  08:37:47 pm
  Module:                 synth_wrapper
  Interconnect mode:      global
  Area mode:              timing library
============================================================

                                                    
              Gate               Instances   Area                Library             
-------------------------------------------------------------------------------------
sky130_fd_sc_hd__a21oi_2                 1    8.758    sky130_fd_sc_hd__tt_025C_1v80 
sky130_fd_sc_hd__buf_4                   1    7.507    sky130_fd_sc_hd__tt_025C_1v80 
sky130_fd_sc_hd__clkbuf_1                1    3.754    sky130_fd_sc_hd__tt_025C_1v80 
sky130_fd_sc_hd__clkinv_1                2    7.507    sky130_fd_sc_hd__tt_025C_1v80 
sky130_fd_sc_hd__dfrtp_1                 6  150.144    sky130_fd_sc_hd__tt_025C_1v80 
sky130_fd_sc_hd__dfrtp_2                 2   52.550    sky130_fd_sc_hd__tt_025C_1v80 
sky130_fd_sc_hd__dlymetal6s2s_1          1   12.512    sky130_fd_sc_hd__tt_025C_1v80 
sky130_fd_sc_hd__inv_1                   1    3.754    sky130_fd_sc_hd__tt_025C_1v80 
sky130_fd_sc_hd__inv_2                   5   18.768    sky130_fd_sc_hd__tt_025C_1v80 
sky130_fd_sc_hd__nand2_1                 2    7.507    sky130_fd_sc_hd__tt_025C_1v80 
sky130_fd_sc_hd__nand2_2                 4   25.024    sky130_fd_sc_hd__tt_025C_1v80 
sky130_fd_sc_hd__nand3_1                 1    5.005    sky130_fd_sc_hd__tt_025C_1v80 
sky130_fd_sc_hd__nand3_2                 1   10.010    sky130_fd_sc_hd__tt_025C_1v80 
sky130_fd_sc_hd__nor2_2                  1    6.256    sky130_fd_sc_hd__tt_025C_1v80 
sky130_fd_sc_hd__o2bb2ai_1               1    8.758    sky130_fd_sc_hd__tt_025C_1v80 
sky130_fd_sc_hd__xnor2_1                 2   17.517    sky130_fd_sc_hd__tt_025C_1v80 
-------------------------------------------------------------------------------------
total                                   32  345.331                                  


                                    
   Type    Instances   Area  Area % 
------------------------------------
sequential         8 202.694   58.7 
inverter           8  30.029    8.7 
buffer             3  23.773    6.9 
logic             13  88.835   25.7 
------------------------------------
total             32 345.331  100.0 

