============================================================
  Generated by:           Genus(TM) Synthesis Solution GENUS15.20 - 15.20-p004_1
  Generated on:           May 25 2025  08:37:47 pm
  Module:                 synth_wrapper
  Interconnect mode:      global
  Area mode:              timing library
============================================================

Timing
--------

Clock Period 
-------------
clk    833.0 


  Cost    Critical          Violating 
 Group   Path Slack   TNS     Paths   
--------------------------------------
default       -81.4   -173          3 
--------------------------------------
Total                 -173          3 

Instance Count
--------------
Leaf Instance Count             32 
Sequential Instance Count        8 
Combinational Instance Count    24 
Hierarchical Instance Count      1 

Area
----
Cell Area                          345.331
Physical Cell Area                 0.000
Total Cell Area (Cell+Physical)    345.331
Net Area                           146.714
Total Area (Cell+Physical+Net)     492.045

Max Fanout                         8 (clk)
Min Fanout                         1 (out_reg[1]_13)
Average Fanout                     2.0
Terms to net ratio                 2.8
Terms to instance ratio            3.1
Runtime                            21.965 seconds
Elapsed Runtime                    25 seconds
RC peak memory usage:              442.81 
EDI peak memory usage:             no_value 
Hostname                           centos7
